Performing C SOURCE FILE Test CMAKE_HAVE_LIBC_PTHREAD failed with the following output:
Change Dir: /home/user_robohub3/catkin_ws/build/fanuc_m16ib_moveit_plugins/CMakeFiles/CMakeTmp

Run Build Command(s):/usr/bin/make cmTC_aca88/fast && /usr/bin/make -f CMakeFiles/cmTC_aca88.dir/build.make CMakeFiles/cmTC_aca88.dir/build
make[1]: Entering directory '/home/user_robohub3/catkin_ws/build/fanuc_m16ib_moveit_plugins/CMakeFiles/CMakeTmp'
Building C object CMakeFiles/cmTC_aca88.dir/src.c.o
/usr/bin/cc   -DCMAKE_HAVE_LIBC_PTHREAD   -o CMakeFiles/cmTC_aca88.dir/src.c.o   -c /home/user_robohub3/catkin_ws/build/fanuc_m16ib_moveit_plugins/CMakeFiles/CMakeTmp/src.c
Linking C executable cmTC_aca88
/usr/bin/cmake -E cmake_link_script CMakeFiles/cmTC_aca88.dir/link.txt --verbose=1
/usr/bin/cc  -DCMAKE_HAVE_LIBC_PTHREAD    -rdynamic CMakeFiles/cmTC_aca88.dir/src.c.o  -o cmTC_aca88 
/usr/bin/ld: CMakeFiles/cmTC_aca88.dir/src.c.o: in function `main':
src.c:(.text+0x46): undefined reference to `pthread_create'
/usr/bin/ld: src.c:(.text+0x52): undefined reference to `pthread_detach'
/usr/bin/ld: src.c:(.text+0x63): undefined reference to `pthread_join'
collect2: error: ld returned 1 exit status
make[1]: *** [CMakeFiles/cmTC_aca88.dir/build.make:87: cmTC_aca88] Error 1
make[1]: Leaving directory '/home/user_robohub3/catkin_ws/build/fanuc_m16ib_moveit_plugins/CMakeFiles/CMakeTmp'
make: *** [Makefile:121: cmTC_aca88/fast] Error 2


Source file was:
#include <pthread.h>

void* test_func(void* data)
{
  return data;
}

int main(void)
{
  pthread_t thread;
  pthread_create(&thread, NULL, test_func, NULL);
  pthread_detach(thread);
  pthread_join(thread, NULL);
  pthread_atfork(NULL, NULL, NULL);
  pthread_exit(NULL);

  return 0;
}

Determining if the function pthread_create exists in the pthreads failed with the following output:
Change Dir: /home/user_robohub3/catkin_ws/build/fanuc_m16ib_moveit_plugins/CMakeFiles/CMakeTmp

Run Build Command(s):/usr/bin/make cmTC_0f41e/fast && /usr/bin/make -f CMakeFiles/cmTC_0f41e.dir/build.make CMakeFiles/cmTC_0f41e.dir/build
make[1]: Entering directory '/home/user_robohub3/catkin_ws/build/fanuc_m16ib_moveit_plugins/CMakeFiles/CMakeTmp'
Building C object CMakeFiles/cmTC_0f41e.dir/CheckFunctionExists.c.o
/usr/bin/cc   -DCHECK_FUNCTION_EXISTS=pthread_create   -o CMakeFiles/cmTC_0f41e.dir/CheckFunctionExists.c.o   -c /usr/share/cmake-3.16/Modules/CheckFunctionExists.c
Linking C executable cmTC_0f41e
/usr/bin/cmake -E cmake_link_script CMakeFiles/cmTC_0f41e.dir/link.txt --verbose=1
/usr/bin/cc  -DCHECK_FUNCTION_EXISTS=pthread_create    -rdynamic CMakeFiles/cmTC_0f41e.dir/CheckFunctionExists.c.o  -o cmTC_0f41e  -lpthreads 
/usr/bin/ld: cannot find -lpthreads
collect2: error: ld returned 1 exit status
make[1]: *** [CMakeFiles/cmTC_0f41e.dir/build.make:87: cmTC_0f41e] Error 1
make[1]: Leaving directory '/home/user_robohub3/catkin_ws/build/fanuc_m16ib_moveit_plugins/CMakeFiles/CMakeTmp'
make: *** [Makefile:121: cmTC_0f41e/fast] Error 2



Determining if the function sgemm_ exists failed with the following output:
Change Dir: /home/user_robohub3/catkin_ws/build/fanuc_m16ib_moveit_plugins/CMakeFiles/CMakeTmp

Run Build Command(s):/usr/bin/make cmTC_35d89/fast && /usr/bin/make -f CMakeFiles/cmTC_35d89.dir/build.make CMakeFiles/cmTC_35d89.dir/build
make[1]: Entering directory '/home/user_robohub3/catkin_ws/build/fanuc_m16ib_moveit_plugins/CMakeFiles/CMakeTmp'
Building C object CMakeFiles/cmTC_35d89.dir/CheckFunctionExists.c.o
/usr/bin/cc   -DCHECK_FUNCTION_EXISTS=sgemm_   -o CMakeFiles/cmTC_35d89.dir/CheckFunctionExists.c.o   -c /usr/share/cmake-3.16/Modules/CheckFunctionExists.c
Linking C executable cmTC_35d89
/usr/bin/cmake -E cmake_link_script CMakeFiles/cmTC_35d89.dir/link.txt --verbose=1
/usr/bin/cc  -DCHECK_FUNCTION_EXISTS=sgemm_    -rdynamic CMakeFiles/cmTC_35d89.dir/CheckFunctionExists.c.o  -o cmTC_35d89 
/usr/bin/ld: CMakeFiles/cmTC_35d89.dir/CheckFunctionExists.c.o: in function `main':
CheckFunctionExists.c:(.text+0x14): undefined reference to `sgemm_'
collect2: error: ld returned 1 exit status
make[1]: *** [CMakeFiles/cmTC_35d89.dir/build.make:87: cmTC_35d89] Error 1
make[1]: Leaving directory '/home/user_robohub3/catkin_ws/build/fanuc_m16ib_moveit_plugins/CMakeFiles/CMakeTmp'
make: *** [Makefile:121: cmTC_35d89/fast] Error 2



Determining if the function cheev_ exists failed with the following output:
Change Dir: /home/user_robohub3/catkin_ws/build/fanuc_m16ib_moveit_plugins/CMakeFiles/CMakeTmp

Run Build Command(s):/usr/bin/make cmTC_2fe4b/fast && /usr/bin/make -f CMakeFiles/cmTC_2fe4b.dir/build.make CMakeFiles/cmTC_2fe4b.dir/build
make[1]: Entering directory '/home/user_robohub3/catkin_ws/build/fanuc_m16ib_moveit_plugins/CMakeFiles/CMakeTmp'
Building C object CMakeFiles/cmTC_2fe4b.dir/CheckFunctionExists.c.o
/usr/bin/cc   -DCHECK_FUNCTION_EXISTS=cheev_   -o CMakeFiles/cmTC_2fe4b.dir/CheckFunctionExists.c.o   -c /usr/share/cmake-3.16/Modules/CheckFunctionExists.c
Linking C executable cmTC_2fe4b
/usr/bin/cmake -E cmake_link_script CMakeFiles/cmTC_2fe4b.dir/link.txt --verbose=1
/usr/bin/cc  -DCHECK_FUNCTION_EXISTS=cheev_    -rdynamic CMakeFiles/cmTC_2fe4b.dir/CheckFunctionExists.c.o  -o cmTC_2fe4b  /usr/lib/x86_64-linux-gnu/libblas.so 
/usr/bin/ld: CMakeFiles/cmTC_2fe4b.dir/CheckFunctionExists.c.o: in function `main':
CheckFunctionExists.c:(.text+0x14): undefined reference to `cheev_'
collect2: error: ld returned 1 exit status
make[1]: *** [CMakeFiles/cmTC_2fe4b.dir/build.make:88: cmTC_2fe4b] Error 1
make[1]: Leaving directory '/home/user_robohub3/catkin_ws/build/fanuc_m16ib_moveit_plugins/CMakeFiles/CMakeTmp'
make: *** [Makefile:121: cmTC_2fe4b/fast] Error 2



