Performing C SOURCE FILE Test CMAKE_HAVE_LIBC_PTHREAD failed with the following output:
Change Dir: /home/user_robohub3/catkin_ws/build/fanuc_m20ib_moveit_plugins/CMakeFiles/CMakeTmp

Run Build Command(s):/usr/bin/make cmTC_4ce01/fast && /usr/bin/make -f CMakeFiles/cmTC_4ce01.dir/build.make CMakeFiles/cmTC_4ce01.dir/build
make[1]: Entering directory '/home/user_robohub3/catkin_ws/build/fanuc_m20ib_moveit_plugins/CMakeFiles/CMakeTmp'
Building C object CMakeFiles/cmTC_4ce01.dir/src.c.o
/usr/bin/cc   -DCMAKE_HAVE_LIBC_PTHREAD   -o CMakeFiles/cmTC_4ce01.dir/src.c.o   -c /home/user_robohub3/catkin_ws/build/fanuc_m20ib_moveit_plugins/CMakeFiles/CMakeTmp/src.c
Linking C executable cmTC_4ce01
/usr/bin/cmake -E cmake_link_script CMakeFiles/cmTC_4ce01.dir/link.txt --verbose=1
/usr/bin/cc  -DCMAKE_HAVE_LIBC_PTHREAD    -rdynamic CMakeFiles/cmTC_4ce01.dir/src.c.o  -o cmTC_4ce01 
/usr/bin/ld: CMakeFiles/cmTC_4ce01.dir/src.c.o: in function `main':
src.c:(.text+0x46): undefined reference to `pthread_create'
/usr/bin/ld: src.c:(.text+0x52): undefined reference to `pthread_detach'
/usr/bin/ld: src.c:(.text+0x63): undefined reference to `pthread_join'
collect2: error: ld returned 1 exit status
make[1]: *** [CMakeFiles/cmTC_4ce01.dir/build.make:87: cmTC_4ce01] Error 1
make[1]: Leaving directory '/home/user_robohub3/catkin_ws/build/fanuc_m20ib_moveit_plugins/CMakeFiles/CMakeTmp'
make: *** [Makefile:121: cmTC_4ce01/fast] Error 2


Source file was:
#include <pthread.h>

void* test_func(void* data)
{
  return data;
}

int main(void)
{
  pthread_t thread;
  pthread_create(&thread, NULL, test_func, NULL);
  pthread_detach(thread);
  pthread_join(thread, NULL);
  pthread_atfork(NULL, NULL, NULL);
  pthread_exit(NULL);

  return 0;
}

Determining if the function pthread_create exists in the pthreads failed with the following output:
Change Dir: /home/user_robohub3/catkin_ws/build/fanuc_m20ib_moveit_plugins/CMakeFiles/CMakeTmp

Run Build Command(s):/usr/bin/make cmTC_fef55/fast && /usr/bin/make -f CMakeFiles/cmTC_fef55.dir/build.make CMakeFiles/cmTC_fef55.dir/build
make[1]: Entering directory '/home/user_robohub3/catkin_ws/build/fanuc_m20ib_moveit_plugins/CMakeFiles/CMakeTmp'
Building C object CMakeFiles/cmTC_fef55.dir/CheckFunctionExists.c.o
/usr/bin/cc   -DCHECK_FUNCTION_EXISTS=pthread_create   -o CMakeFiles/cmTC_fef55.dir/CheckFunctionExists.c.o   -c /usr/share/cmake-3.16/Modules/CheckFunctionExists.c
Linking C executable cmTC_fef55
/usr/bin/cmake -E cmake_link_script CMakeFiles/cmTC_fef55.dir/link.txt --verbose=1
/usr/bin/cc  -DCHECK_FUNCTION_EXISTS=pthread_create    -rdynamic CMakeFiles/cmTC_fef55.dir/CheckFunctionExists.c.o  -o cmTC_fef55  -lpthreads 
/usr/bin/ld: cannot find -lpthreads
collect2: error: ld returned 1 exit status
make[1]: *** [CMakeFiles/cmTC_fef55.dir/build.make:87: cmTC_fef55] Error 1
make[1]: Leaving directory '/home/user_robohub3/catkin_ws/build/fanuc_m20ib_moveit_plugins/CMakeFiles/CMakeTmp'
make: *** [Makefile:121: cmTC_fef55/fast] Error 2



Determining if the function sgemm_ exists failed with the following output:
Change Dir: /home/user_robohub3/catkin_ws/build/fanuc_m20ib_moveit_plugins/CMakeFiles/CMakeTmp

Run Build Command(s):/usr/bin/make cmTC_146e9/fast && /usr/bin/make -f CMakeFiles/cmTC_146e9.dir/build.make CMakeFiles/cmTC_146e9.dir/build
make[1]: Entering directory '/home/user_robohub3/catkin_ws/build/fanuc_m20ib_moveit_plugins/CMakeFiles/CMakeTmp'
Building C object CMakeFiles/cmTC_146e9.dir/CheckFunctionExists.c.o
/usr/bin/cc   -DCHECK_FUNCTION_EXISTS=sgemm_   -o CMakeFiles/cmTC_146e9.dir/CheckFunctionExists.c.o   -c /usr/share/cmake-3.16/Modules/CheckFunctionExists.c
Linking C executable cmTC_146e9
/usr/bin/cmake -E cmake_link_script CMakeFiles/cmTC_146e9.dir/link.txt --verbose=1
/usr/bin/cc  -DCHECK_FUNCTION_EXISTS=sgemm_    -rdynamic CMakeFiles/cmTC_146e9.dir/CheckFunctionExists.c.o  -o cmTC_146e9 
/usr/bin/ld: CMakeFiles/cmTC_146e9.dir/CheckFunctionExists.c.o: in function `main':
CheckFunctionExists.c:(.text+0x14): undefined reference to `sgemm_'
collect2: error: ld returned 1 exit status
make[1]: *** [CMakeFiles/cmTC_146e9.dir/build.make:87: cmTC_146e9] Error 1
make[1]: Leaving directory '/home/user_robohub3/catkin_ws/build/fanuc_m20ib_moveit_plugins/CMakeFiles/CMakeTmp'
make: *** [Makefile:121: cmTC_146e9/fast] Error 2



Determining if the function cheev_ exists failed with the following output:
Change Dir: /home/user_robohub3/catkin_ws/build/fanuc_m20ib_moveit_plugins/CMakeFiles/CMakeTmp

Run Build Command(s):/usr/bin/make cmTC_9e271/fast && /usr/bin/make -f CMakeFiles/cmTC_9e271.dir/build.make CMakeFiles/cmTC_9e271.dir/build
make[1]: Entering directory '/home/user_robohub3/catkin_ws/build/fanuc_m20ib_moveit_plugins/CMakeFiles/CMakeTmp'
Building C object CMakeFiles/cmTC_9e271.dir/CheckFunctionExists.c.o
/usr/bin/cc   -DCHECK_FUNCTION_EXISTS=cheev_   -o CMakeFiles/cmTC_9e271.dir/CheckFunctionExists.c.o   -c /usr/share/cmake-3.16/Modules/CheckFunctionExists.c
Linking C executable cmTC_9e271
/usr/bin/cmake -E cmake_link_script CMakeFiles/cmTC_9e271.dir/link.txt --verbose=1
/usr/bin/cc  -DCHECK_FUNCTION_EXISTS=cheev_    -rdynamic CMakeFiles/cmTC_9e271.dir/CheckFunctionExists.c.o  -o cmTC_9e271  /usr/lib/x86_64-linux-gnu/libblas.so 
/usr/bin/ld: CMakeFiles/cmTC_9e271.dir/CheckFunctionExists.c.o: in function `main':
CheckFunctionExists.c:(.text+0x14): undefined reference to `cheev_'
collect2: error: ld returned 1 exit status
make[1]: *** [CMakeFiles/cmTC_9e271.dir/build.make:88: cmTC_9e271] Error 1
make[1]: Leaving directory '/home/user_robohub3/catkin_ws/build/fanuc_m20ib_moveit_plugins/CMakeFiles/CMakeTmp'
make: *** [Makefile:121: cmTC_9e271/fast] Error 2



