Linked: (/home/user_robohub3/catkin_ws/devel/.private/motoman_msgs/lib/python3/dist-packages/motoman_msgs/__init__.py, /home/user_robohub3/catkin_ws/devel/lib/python3/dist-packages/motoman_msgs/__init__.py)
Linked: (/home/user_robohub3/catkin_ws/devel/.private/motoman_msgs/lib/python3/dist-packages/motoman_msgs/srv/_WriteSingleIO.py, /home/user_robohub3/catkin_ws/devel/lib/python3/dist-packages/motoman_msgs/srv/_WriteSingleIO.py)
Linked: (/home/user_robohub3/catkin_ws/devel/.private/motoman_msgs/lib/python3/dist-packages/motoman_msgs/srv/_WriteGroupIO.py, /home/user_robohub3/catkin_ws/devel/lib/python3/dist-packages/motoman_msgs/srv/_WriteGroupIO.py)
Linked: (/home/user_robohub3/catkin_ws/devel/.private/motoman_msgs/lib/python3/dist-packages/motoman_msgs/srv/__init__.py, /home/user_robohub3/catkin_ws/devel/lib/python3/dist-packages/motoman_msgs/srv/__init__.py)
Linked: (/home/user_robohub3/catkin_ws/devel/.private/motoman_msgs/lib/python3/dist-packages/motoman_msgs/srv/_CmdJointTrajectoryEx.py, /home/user_robohub3/catkin_ws/devel/lib/python3/dist-packages/motoman_msgs/srv/_CmdJointTrajectoryEx.py)
Linked: (/home/user_robohub3/catkin_ws/devel/.private/motoman_msgs/lib/python3/dist-packages/motoman_msgs/srv/_SelectTool.py, /home/user_robohub3/catkin_ws/devel/lib/python3/dist-packages/motoman_msgs/srv/_SelectTool.py)
Linked: (/home/user_robohub3/catkin_ws/devel/.private/motoman_msgs/lib/python3/dist-packages/motoman_msgs/srv/_ReadMRegister.py, /home/user_robohub3/catkin_ws/devel/lib/python3/dist-packages/motoman_msgs/srv/_ReadMRegister.py)
Linked: (/home/user_robohub3/catkin_ws/devel/.private/motoman_msgs/lib/python3/dist-packages/motoman_msgs/srv/_ReadSingleIO.py, /home/user_robohub3/catkin_ws/devel/lib/python3/dist-packages/motoman_msgs/srv/_ReadSingleIO.py)
Linked: (/home/user_robohub3/catkin_ws/devel/.private/motoman_msgs/lib/python3/dist-packages/motoman_msgs/srv/_ReadGroupIO.py, /home/user_robohub3/catkin_ws/devel/lib/python3/dist-packages/motoman_msgs/srv/_ReadGroupIO.py)
Linked: (/home/user_robohub3/catkin_ws/devel/.private/motoman_msgs/lib/python3/dist-packages/motoman_msgs/srv/_WriteMRegister.py, /home/user_robohub3/catkin_ws/devel/lib/python3/dist-packages/motoman_msgs/srv/_WriteMRegister.py)
Linked: (/home/user_robohub3/catkin_ws/devel/.private/motoman_msgs/lib/python3/dist-packages/motoman_msgs/msg/_DynamicJointTrajectory.py, /home/user_robohub3/catkin_ws/devel/lib/python3/dist-packages/motoman_msgs/msg/_DynamicJointTrajectory.py)
Linked: (/home/user_robohub3/catkin_ws/devel/.private/motoman_msgs/lib/python3/dist-packages/motoman_msgs/msg/__init__.py, /home/user_robohub3/catkin_ws/devel/lib/python3/dist-packages/motoman_msgs/msg/__init__.py)
Linked: (/home/user_robohub3/catkin_ws/devel/.private/motoman_msgs/lib/python3/dist-packages/motoman_msgs/msg/_DynamicJointState.py, /home/user_robohub3/catkin_ws/devel/lib/python3/dist-packages/motoman_msgs/msg/_DynamicJointState.py)
Linked: (/home/user_robohub3/catkin_ws/devel/.private/motoman_msgs/lib/python3/dist-packages/motoman_msgs/msg/_DynamicJointsGroup.py, /home/user_robohub3/catkin_ws/devel/lib/python3/dist-packages/motoman_msgs/msg/_DynamicJointsGroup.py)
Linked: (/home/user_robohub3/catkin_ws/devel/.private/motoman_msgs/lib/python3/dist-packages/motoman_msgs/msg/_DynamicJointTrajectoryFeedback.py, /home/user_robohub3/catkin_ws/devel/lib/python3/dist-packages/motoman_msgs/msg/_DynamicJointTrajectoryFeedback.py)
Linked: (/home/user_robohub3/catkin_ws/devel/.private/motoman_msgs/lib/python3/dist-packages/motoman_msgs/msg/_DynamicJointPoint.py, /home/user_robohub3/catkin_ws/devel/lib/python3/dist-packages/motoman_msgs/msg/_DynamicJointPoint.py)
Linked: (/home/user_robohub3/catkin_ws/devel/.private/motoman_msgs/lib/pkgconfig/motoman_msgs.pc, /home/user_robohub3/catkin_ws/devel/lib/pkgconfig/motoman_msgs.pc)
Linked: (/home/user_robohub3/catkin_ws/devel/.private/motoman_msgs/include/motoman_msgs/ReadMRegisterResponse.h, /home/user_robohub3/catkin_ws/devel/include/motoman_msgs/ReadMRegisterResponse.h)
Linked: (/home/user_robohub3/catkin_ws/devel/.private/motoman_msgs/include/motoman_msgs/SelectTool.h, /home/user_robohub3/catkin_ws/devel/include/motoman_msgs/SelectTool.h)
Linked: (/home/user_robohub3/catkin_ws/devel/.private/motoman_msgs/include/motoman_msgs/ReadSingleIORequest.h, /home/user_robohub3/catkin_ws/devel/include/motoman_msgs/ReadSingleIORequest.h)
Linked: (/home/user_robohub3/catkin_ws/devel/.private/motoman_msgs/include/motoman_msgs/ReadGroupIOResponse.h, /home/user_robohub3/catkin_ws/devel/include/motoman_msgs/ReadGroupIOResponse.h)
Linked: (/home/user_robohub3/catkin_ws/devel/.private/motoman_msgs/include/motoman_msgs/ReadGroupIORequest.h, /home/user_robohub3/catkin_ws/devel/include/motoman_msgs/ReadGroupIORequest.h)
Linked: (/home/user_robohub3/catkin_ws/devel/.private/motoman_msgs/include/motoman_msgs/DynamicJointsGroup.h, /home/user_robohub3/catkin_ws/devel/include/motoman_msgs/DynamicJointsGroup.h)
Linked: (/home/user_robohub3/catkin_ws/devel/.private/motoman_msgs/include/motoman_msgs/ReadMRegisterRequest.h, /home/user_robohub3/catkin_ws/devel/include/motoman_msgs/ReadMRegisterRequest.h)
Linked: (/home/user_robohub3/catkin_ws/devel/.private/motoman_msgs/include/motoman_msgs/WriteMRegister.h, /home/user_robohub3/catkin_ws/devel/include/motoman_msgs/WriteMRegister.h)
Linked: (/home/user_robohub3/catkin_ws/devel/.private/motoman_msgs/include/motoman_msgs/ReadMRegister.h, /home/user_robohub3/catkin_ws/devel/include/motoman_msgs/ReadMRegister.h)
Linked: (/home/user_robohub3/catkin_ws/devel/.private/motoman_msgs/include/motoman_msgs/WriteSingleIO.h, /home/user_robohub3/catkin_ws/devel/include/motoman_msgs/WriteSingleIO.h)
Linked: (/home/user_robohub3/catkin_ws/devel/.private/motoman_msgs/include/motoman_msgs/WriteMRegisterRequest.h, /home/user_robohub3/catkin_ws/devel/include/motoman_msgs/WriteMRegisterRequest.h)
Linked: (/home/user_robohub3/catkin_ws/devel/.private/motoman_msgs/include/motoman_msgs/WriteGroupIORequest.h, /home/user_robohub3/catkin_ws/devel/include/motoman_msgs/WriteGroupIORequest.h)
Linked: (/home/user_robohub3/catkin_ws/devel/.private/motoman_msgs/include/motoman_msgs/ReadGroupIO.h, /home/user_robohub3/catkin_ws/devel/include/motoman_msgs/ReadGroupIO.h)
Linked: (/home/user_robohub3/catkin_ws/devel/.private/motoman_msgs/include/motoman_msgs/WriteSingleIOResponse.h, /home/user_robohub3/catkin_ws/devel/include/motoman_msgs/WriteSingleIOResponse.h)
Linked: (/home/user_robohub3/catkin_ws/devel/.private/motoman_msgs/include/motoman_msgs/CmdJointTrajectoryExResponse.h, /home/user_robohub3/catkin_ws/devel/include/motoman_msgs/CmdJointTrajectoryExResponse.h)
Linked: (/home/user_robohub3/catkin_ws/devel/.private/motoman_msgs/include/motoman_msgs/DynamicJointPoint.h, /home/user_robohub3/catkin_ws/devel/include/motoman_msgs/DynamicJointPoint.h)
Linked: (/home/user_robohub3/catkin_ws/devel/.private/motoman_msgs/include/motoman_msgs/DynamicJointState.h, /home/user_robohub3/catkin_ws/devel/include/motoman_msgs/DynamicJointState.h)
Linked: (/home/user_robohub3/catkin_ws/devel/.private/motoman_msgs/include/motoman_msgs/ReadSingleIO.h, /home/user_robohub3/catkin_ws/devel/include/motoman_msgs/ReadSingleIO.h)
Linked: (/home/user_robohub3/catkin_ws/devel/.private/motoman_msgs/include/motoman_msgs/WriteSingleIORequest.h, /home/user_robohub3/catkin_ws/devel/include/motoman_msgs/WriteSingleIORequest.h)
Linked: (/home/user_robohub3/catkin_ws/devel/.private/motoman_msgs/include/motoman_msgs/DynamicJointTrajectoryFeedback.h, /home/user_robohub3/catkin_ws/devel/include/motoman_msgs/DynamicJointTrajectoryFeedback.h)
Linked: (/home/user_robohub3/catkin_ws/devel/.private/motoman_msgs/include/motoman_msgs/ReadSingleIOResponse.h, /home/user_robohub3/catkin_ws/devel/include/motoman_msgs/ReadSingleIOResponse.h)
Linked: (/home/user_robohub3/catkin_ws/devel/.private/motoman_msgs/include/motoman_msgs/SelectToolRequest.h, /home/user_robohub3/catkin_ws/devel/include/motoman_msgs/SelectToolRequest.h)
Linked: (/home/user_robohub3/catkin_ws/devel/.private/motoman_msgs/include/motoman_msgs/SelectToolResponse.h, /home/user_robohub3/catkin_ws/devel/include/motoman_msgs/SelectToolResponse.h)
Linked: (/home/user_robohub3/catkin_ws/devel/.private/motoman_msgs/include/motoman_msgs/WriteGroupIOResponse.h, /home/user_robohub3/catkin_ws/devel/include/motoman_msgs/WriteGroupIOResponse.h)
Linked: (/home/user_robohub3/catkin_ws/devel/.private/motoman_msgs/include/motoman_msgs/DynamicJointTrajectory.h, /home/user_robohub3/catkin_ws/devel/include/motoman_msgs/DynamicJointTrajectory.h)
Linked: (/home/user_robohub3/catkin_ws/devel/.private/motoman_msgs/include/motoman_msgs/CmdJointTrajectoryExRequest.h, /home/user_robohub3/catkin_ws/devel/include/motoman_msgs/CmdJointTrajectoryExRequest.h)
Linked: (/home/user_robohub3/catkin_ws/devel/.private/motoman_msgs/include/motoman_msgs/CmdJointTrajectoryEx.h, /home/user_robohub3/catkin_ws/devel/include/motoman_msgs/CmdJointTrajectoryEx.h)
Linked: (/home/user_robohub3/catkin_ws/devel/.private/motoman_msgs/include/motoman_msgs/WriteGroupIO.h, /home/user_robohub3/catkin_ws/devel/include/motoman_msgs/WriteGroupIO.h)
Linked: (/home/user_robohub3/catkin_ws/devel/.private/motoman_msgs/include/motoman_msgs/WriteMRegisterResponse.h, /home/user_robohub3/catkin_ws/devel/include/motoman_msgs/WriteMRegisterResponse.h)
Linked: (/home/user_robohub3/catkin_ws/devel/.private/motoman_msgs/share/roseus/ros/motoman_msgs/manifest.l, /home/user_robohub3/catkin_ws/devel/share/roseus/ros/motoman_msgs/manifest.l)
Linked: (/home/user_robohub3/catkin_ws/devel/.private/motoman_msgs/share/roseus/ros/motoman_msgs/srv/CmdJointTrajectoryEx.l, /home/user_robohub3/catkin_ws/devel/share/roseus/ros/motoman_msgs/srv/CmdJointTrajectoryEx.l)
Linked: (/home/user_robohub3/catkin_ws/devel/.private/motoman_msgs/share/roseus/ros/motoman_msgs/srv/ReadMRegister.l, /home/user_robohub3/catkin_ws/devel/share/roseus/ros/motoman_msgs/srv/ReadMRegister.l)
Linked: (/home/user_robohub3/catkin_ws/devel/.private/motoman_msgs/share/roseus/ros/motoman_msgs/srv/WriteGroupIO.l, /home/user_robohub3/catkin_ws/devel/share/roseus/ros/motoman_msgs/srv/WriteGroupIO.l)
Linked: (/home/user_robohub3/catkin_ws/devel/.private/motoman_msgs/share/roseus/ros/motoman_msgs/srv/WriteMRegister.l, /home/user_robohub3/catkin_ws/devel/share/roseus/ros/motoman_msgs/srv/WriteMRegister.l)
Linked: (/home/user_robohub3/catkin_ws/devel/.private/motoman_msgs/share/roseus/ros/motoman_msgs/srv/ReadGroupIO.l, /home/user_robohub3/catkin_ws/devel/share/roseus/ros/motoman_msgs/srv/ReadGroupIO.l)
Linked: (/home/user_robohub3/catkin_ws/devel/.private/motoman_msgs/share/roseus/ros/motoman_msgs/srv/ReadSingleIO.l, /home/user_robohub3/catkin_ws/devel/share/roseus/ros/motoman_msgs/srv/ReadSingleIO.l)
Linked: (/home/user_robohub3/catkin_ws/devel/.private/motoman_msgs/share/roseus/ros/motoman_msgs/srv/SelectTool.l, /home/user_robohub3/catkin_ws/devel/share/roseus/ros/motoman_msgs/srv/SelectTool.l)
Linked: (/home/user_robohub3/catkin_ws/devel/.private/motoman_msgs/share/roseus/ros/motoman_msgs/srv/WriteSingleIO.l, /home/user_robohub3/catkin_ws/devel/share/roseus/ros/motoman_msgs/srv/WriteSingleIO.l)
Linked: (/home/user_robohub3/catkin_ws/devel/.private/motoman_msgs/share/roseus/ros/motoman_msgs/msg/DynamicJointsGroup.l, /home/user_robohub3/catkin_ws/devel/share/roseus/ros/motoman_msgs/msg/DynamicJointsGroup.l)
Linked: (/home/user_robohub3/catkin_ws/devel/.private/motoman_msgs/share/roseus/ros/motoman_msgs/msg/DynamicJointTrajectoryFeedback.l, /home/user_robohub3/catkin_ws/devel/share/roseus/ros/motoman_msgs/msg/DynamicJointTrajectoryFeedback.l)
Linked: (/home/user_robohub3/catkin_ws/devel/.private/motoman_msgs/share/roseus/ros/motoman_msgs/msg/DynamicJointState.l, /home/user_robohub3/catkin_ws/devel/share/roseus/ros/motoman_msgs/msg/DynamicJointState.l)
Linked: (/home/user_robohub3/catkin_ws/devel/.private/motoman_msgs/share/roseus/ros/motoman_msgs/msg/DynamicJointPoint.l, /home/user_robohub3/catkin_ws/devel/share/roseus/ros/motoman_msgs/msg/DynamicJointPoint.l)
Linked: (/home/user_robohub3/catkin_ws/devel/.private/motoman_msgs/share/roseus/ros/motoman_msgs/msg/DynamicJointTrajectory.l, /home/user_robohub3/catkin_ws/devel/share/roseus/ros/motoman_msgs/msg/DynamicJointTrajectory.l)
Linked: (/home/user_robohub3/catkin_ws/devel/.private/motoman_msgs/share/common-lisp/ros/motoman_msgs/srv/_package_WriteGroupIO.lisp, /home/user_robohub3/catkin_ws/devel/share/common-lisp/ros/motoman_msgs/srv/_package_WriteGroupIO.lisp)
Linked: (/home/user_robohub3/catkin_ws/devel/.private/motoman_msgs/share/common-lisp/ros/motoman_msgs/srv/_package_ReadMRegister.lisp, /home/user_robohub3/catkin_ws/devel/share/common-lisp/ros/motoman_msgs/srv/_package_ReadMRegister.lisp)
Linked: (/home/user_robohub3/catkin_ws/devel/.private/motoman_msgs/share/common-lisp/ros/motoman_msgs/srv/motoman_msgs-srv.asd, /home/user_robohub3/catkin_ws/devel/share/common-lisp/ros/motoman_msgs/srv/motoman_msgs-srv.asd)
Linked: (/home/user_robohub3/catkin_ws/devel/.private/motoman_msgs/share/common-lisp/ros/motoman_msgs/srv/CmdJointTrajectoryEx.lisp, /home/user_robohub3/catkin_ws/devel/share/common-lisp/ros/motoman_msgs/srv/CmdJointTrajectoryEx.lisp)
Linked: (/home/user_robohub3/catkin_ws/devel/.private/motoman_msgs/share/common-lisp/ros/motoman_msgs/srv/_package_ReadGroupIO.lisp, /home/user_robohub3/catkin_ws/devel/share/common-lisp/ros/motoman_msgs/srv/_package_ReadGroupIO.lisp)
Linked: (/home/user_robohub3/catkin_ws/devel/.private/motoman_msgs/share/common-lisp/ros/motoman_msgs/srv/ReadMRegister.lisp, /home/user_robohub3/catkin_ws/devel/share/common-lisp/ros/motoman_msgs/srv/ReadMRegister.lisp)
Linked: (/home/user_robohub3/catkin_ws/devel/.private/motoman_msgs/share/common-lisp/ros/motoman_msgs/srv/WriteGroupIO.lisp, /home/user_robohub3/catkin_ws/devel/share/common-lisp/ros/motoman_msgs/srv/WriteGroupIO.lisp)
Linked: (/home/user_robohub3/catkin_ws/devel/.private/motoman_msgs/share/common-lisp/ros/motoman_msgs/srv/_package_WriteMRegister.lisp, /home/user_robohub3/catkin_ws/devel/share/common-lisp/ros/motoman_msgs/srv/_package_WriteMRegister.lisp)
Linked: (/home/user_robohub3/catkin_ws/devel/.private/motoman_msgs/share/common-lisp/ros/motoman_msgs/srv/ReadGroupIO.lisp, /home/user_robohub3/catkin_ws/devel/share/common-lisp/ros/motoman_msgs/srv/ReadGroupIO.lisp)
Linked: (/home/user_robohub3/catkin_ws/devel/.private/motoman_msgs/share/common-lisp/ros/motoman_msgs/srv/_package_WriteSingleIO.lisp, /home/user_robohub3/catkin_ws/devel/share/common-lisp/ros/motoman_msgs/srv/_package_WriteSingleIO.lisp)
Linked: (/home/user_robohub3/catkin_ws/devel/.private/motoman_msgs/share/common-lisp/ros/motoman_msgs/srv/_package_ReadSingleIO.lisp, /home/user_robohub3/catkin_ws/devel/share/common-lisp/ros/motoman_msgs/srv/_package_ReadSingleIO.lisp)
Linked: (/home/user_robohub3/catkin_ws/devel/.private/motoman_msgs/share/common-lisp/ros/motoman_msgs/srv/WriteSingleIO.lisp, /home/user_robohub3/catkin_ws/devel/share/common-lisp/ros/motoman_msgs/srv/WriteSingleIO.lisp)
Linked: (/home/user_robohub3/catkin_ws/devel/.private/motoman_msgs/share/common-lisp/ros/motoman_msgs/srv/_package_SelectTool.lisp, /home/user_robohub3/catkin_ws/devel/share/common-lisp/ros/motoman_msgs/srv/_package_SelectTool.lisp)
Linked: (/home/user_robohub3/catkin_ws/devel/.private/motoman_msgs/share/common-lisp/ros/motoman_msgs/srv/WriteMRegister.lisp, /home/user_robohub3/catkin_ws/devel/share/common-lisp/ros/motoman_msgs/srv/WriteMRegister.lisp)
Linked: (/home/user_robohub3/catkin_ws/devel/.private/motoman_msgs/share/common-lisp/ros/motoman_msgs/srv/_package.lisp, /home/user_robohub3/catkin_ws/devel/share/common-lisp/ros/motoman_msgs/srv/_package.lisp)
Linked: (/home/user_robohub3/catkin_ws/devel/.private/motoman_msgs/share/common-lisp/ros/motoman_msgs/srv/ReadSingleIO.lisp, /home/user_robohub3/catkin_ws/devel/share/common-lisp/ros/motoman_msgs/srv/ReadSingleIO.lisp)
Linked: (/home/user_robohub3/catkin_ws/devel/.private/motoman_msgs/share/common-lisp/ros/motoman_msgs/srv/SelectTool.lisp, /home/user_robohub3/catkin_ws/devel/share/common-lisp/ros/motoman_msgs/srv/SelectTool.lisp)
Linked: (/home/user_robohub3/catkin_ws/devel/.private/motoman_msgs/share/common-lisp/ros/motoman_msgs/srv/_package_CmdJointTrajectoryEx.lisp, /home/user_robohub3/catkin_ws/devel/share/common-lisp/ros/motoman_msgs/srv/_package_CmdJointTrajectoryEx.lisp)
Linked: (/home/user_robohub3/catkin_ws/devel/.private/motoman_msgs/share/common-lisp/ros/motoman_msgs/msg/DynamicJointPoint.lisp, /home/user_robohub3/catkin_ws/devel/share/common-lisp/ros/motoman_msgs/msg/DynamicJointPoint.lisp)
Linked: (/home/user_robohub3/catkin_ws/devel/.private/motoman_msgs/share/common-lisp/ros/motoman_msgs/msg/motoman_msgs-msg.asd, /home/user_robohub3/catkin_ws/devel/share/common-lisp/ros/motoman_msgs/msg/motoman_msgs-msg.asd)
Linked: (/home/user_robohub3/catkin_ws/devel/.private/motoman_msgs/share/common-lisp/ros/motoman_msgs/msg/DynamicJointState.lisp, /home/user_robohub3/catkin_ws/devel/share/common-lisp/ros/motoman_msgs/msg/DynamicJointState.lisp)
Linked: (/home/user_robohub3/catkin_ws/devel/.private/motoman_msgs/share/common-lisp/ros/motoman_msgs/msg/_package_DynamicJointsGroup.lisp, /home/user_robohub3/catkin_ws/devel/share/common-lisp/ros/motoman_msgs/msg/_package_DynamicJointsGroup.lisp)
Linked: (/home/user_robohub3/catkin_ws/devel/.private/motoman_msgs/share/common-lisp/ros/motoman_msgs/msg/_package.lisp, /home/user_robohub3/catkin_ws/devel/share/common-lisp/ros/motoman_msgs/msg/_package.lisp)
Linked: (/home/user_robohub3/catkin_ws/devel/.private/motoman_msgs/share/common-lisp/ros/motoman_msgs/msg/DynamicJointTrajectory.lisp, /home/user_robohub3/catkin_ws/devel/share/common-lisp/ros/motoman_msgs/msg/DynamicJointTrajectory.lisp)
Linked: (/home/user_robohub3/catkin_ws/devel/.private/motoman_msgs/share/common-lisp/ros/motoman_msgs/msg/_package_DynamicJointTrajectory.lisp, /home/user_robohub3/catkin_ws/devel/share/common-lisp/ros/motoman_msgs/msg/_package_DynamicJointTrajectory.lisp)
Linked: (/home/user_robohub3/catkin_ws/devel/.private/motoman_msgs/share/common-lisp/ros/motoman_msgs/msg/DynamicJointTrajectoryFeedback.lisp, /home/user_robohub3/catkin_ws/devel/share/common-lisp/ros/motoman_msgs/msg/DynamicJointTrajectoryFeedback.lisp)
Linked: (/home/user_robohub3/catkin_ws/devel/.private/motoman_msgs/share/common-lisp/ros/motoman_msgs/msg/DynamicJointsGroup.lisp, /home/user_robohub3/catkin_ws/devel/share/common-lisp/ros/motoman_msgs/msg/DynamicJointsGroup.lisp)
Linked: (/home/user_robohub3/catkin_ws/devel/.private/motoman_msgs/share/common-lisp/ros/motoman_msgs/msg/_package_DynamicJointPoint.lisp, /home/user_robohub3/catkin_ws/devel/share/common-lisp/ros/motoman_msgs/msg/_package_DynamicJointPoint.lisp)
Linked: (/home/user_robohub3/catkin_ws/devel/.private/motoman_msgs/share/common-lisp/ros/motoman_msgs/msg/_package_DynamicJointTrajectoryFeedback.lisp, /home/user_robohub3/catkin_ws/devel/share/common-lisp/ros/motoman_msgs/msg/_package_DynamicJointTrajectoryFeedback.lisp)
Linked: (/home/user_robohub3/catkin_ws/devel/.private/motoman_msgs/share/common-lisp/ros/motoman_msgs/msg/_package_DynamicJointState.lisp, /home/user_robohub3/catkin_ws/devel/share/common-lisp/ros/motoman_msgs/msg/_package_DynamicJointState.lisp)
Linked: (/home/user_robohub3/catkin_ws/devel/.private/motoman_msgs/share/motoman_msgs/cmake/motoman_msgsConfig-version.cmake, /home/user_robohub3/catkin_ws/devel/share/motoman_msgs/cmake/motoman_msgsConfig-version.cmake)
Linked: (/home/user_robohub3/catkin_ws/devel/.private/motoman_msgs/share/motoman_msgs/cmake/motoman_msgs-msg-extras.cmake, /home/user_robohub3/catkin_ws/devel/share/motoman_msgs/cmake/motoman_msgs-msg-extras.cmake)
Linked: (/home/user_robohub3/catkin_ws/devel/.private/motoman_msgs/share/motoman_msgs/cmake/motoman_msgsConfig.cmake, /home/user_robohub3/catkin_ws/devel/share/motoman_msgs/cmake/motoman_msgsConfig.cmake)
Linked: (/home/user_robohub3/catkin_ws/devel/.private/motoman_msgs/share/motoman_msgs/cmake/motoman_msgs-msg-paths.cmake, /home/user_robohub3/catkin_ws/devel/share/motoman_msgs/cmake/motoman_msgs-msg-paths.cmake)
Linked: (/home/user_robohub3/catkin_ws/devel/.private/motoman_msgs/share/gennodejs/ros/motoman_msgs/_index.js, /home/user_robohub3/catkin_ws/devel/share/gennodejs/ros/motoman_msgs/_index.js)
Linked: (/home/user_robohub3/catkin_ws/devel/.private/motoman_msgs/share/gennodejs/ros/motoman_msgs/srv/WriteSingleIO.js, /home/user_robohub3/catkin_ws/devel/share/gennodejs/ros/motoman_msgs/srv/WriteSingleIO.js)
Linked: (/home/user_robohub3/catkin_ws/devel/.private/motoman_msgs/share/gennodejs/ros/motoman_msgs/srv/CmdJointTrajectoryEx.js, /home/user_robohub3/catkin_ws/devel/share/gennodejs/ros/motoman_msgs/srv/CmdJointTrajectoryEx.js)
Linked: (/home/user_robohub3/catkin_ws/devel/.private/motoman_msgs/share/gennodejs/ros/motoman_msgs/srv/ReadSingleIO.js, /home/user_robohub3/catkin_ws/devel/share/gennodejs/ros/motoman_msgs/srv/ReadSingleIO.js)
Linked: (/home/user_robohub3/catkin_ws/devel/.private/motoman_msgs/share/gennodejs/ros/motoman_msgs/srv/ReadGroupIO.js, /home/user_robohub3/catkin_ws/devel/share/gennodejs/ros/motoman_msgs/srv/ReadGroupIO.js)
Linked: (/home/user_robohub3/catkin_ws/devel/.private/motoman_msgs/share/gennodejs/ros/motoman_msgs/srv/ReadMRegister.js, /home/user_robohub3/catkin_ws/devel/share/gennodejs/ros/motoman_msgs/srv/ReadMRegister.js)
Linked: (/home/user_robohub3/catkin_ws/devel/.private/motoman_msgs/share/gennodejs/ros/motoman_msgs/srv/WriteMRegister.js, /home/user_robohub3/catkin_ws/devel/share/gennodejs/ros/motoman_msgs/srv/WriteMRegister.js)
Linked: (/home/user_robohub3/catkin_ws/devel/.private/motoman_msgs/share/gennodejs/ros/motoman_msgs/srv/_index.js, /home/user_robohub3/catkin_ws/devel/share/gennodejs/ros/motoman_msgs/srv/_index.js)
Linked: (/home/user_robohub3/catkin_ws/devel/.private/motoman_msgs/share/gennodejs/ros/motoman_msgs/srv/SelectTool.js, /home/user_robohub3/catkin_ws/devel/share/gennodejs/ros/motoman_msgs/srv/SelectTool.js)
Linked: (/home/user_robohub3/catkin_ws/devel/.private/motoman_msgs/share/gennodejs/ros/motoman_msgs/srv/WriteGroupIO.js, /home/user_robohub3/catkin_ws/devel/share/gennodejs/ros/motoman_msgs/srv/WriteGroupIO.js)
Linked: (/home/user_robohub3/catkin_ws/devel/.private/motoman_msgs/share/gennodejs/ros/motoman_msgs/msg/DynamicJointPoint.js, /home/user_robohub3/catkin_ws/devel/share/gennodejs/ros/motoman_msgs/msg/DynamicJointPoint.js)
Linked: (/home/user_robohub3/catkin_ws/devel/.private/motoman_msgs/share/gennodejs/ros/motoman_msgs/msg/DynamicJointsGroup.js, /home/user_robohub3/catkin_ws/devel/share/gennodejs/ros/motoman_msgs/msg/DynamicJointsGroup.js)
Linked: (/home/user_robohub3/catkin_ws/devel/.private/motoman_msgs/share/gennodejs/ros/motoman_msgs/msg/DynamicJointTrajectoryFeedback.js, /home/user_robohub3/catkin_ws/devel/share/gennodejs/ros/motoman_msgs/msg/DynamicJointTrajectoryFeedback.js)
Linked: (/home/user_robohub3/catkin_ws/devel/.private/motoman_msgs/share/gennodejs/ros/motoman_msgs/msg/DynamicJointTrajectory.js, /home/user_robohub3/catkin_ws/devel/share/gennodejs/ros/motoman_msgs/msg/DynamicJointTrajectory.js)
Linked: (/home/user_robohub3/catkin_ws/devel/.private/motoman_msgs/share/gennodejs/ros/motoman_msgs/msg/DynamicJointState.js, /home/user_robohub3/catkin_ws/devel/share/gennodejs/ros/motoman_msgs/msg/DynamicJointState.js)
Linked: (/home/user_robohub3/catkin_ws/devel/.private/motoman_msgs/share/gennodejs/ros/motoman_msgs/msg/_index.js, /home/user_robohub3/catkin_ws/devel/share/gennodejs/ros/motoman_msgs/msg/_index.js)
