[01m[K/home/user_robohub3/catkin_ws/src/moveit_experiments/third_party/motoman_experimental/motoman_mh5_ikfast_manipulator_plugin/src/motoman_mh5_manipulator_ikfast_moveit_plugin.cpp:[m[K In member function ‘[01m[Kvirtual bool ikfast_kinematics_plugin::IKFastKinematicsPlugin::initialize(const string&, const string&, const string&, const string&, double)[m[K’:
[01m[K/home/user_robohub3/catkin_ws/src/moveit_experiments/third_party/motoman_experimental/motoman_mh5_ikfast_manipulator_plugin/src/motoman_mh5_manipulator_ikfast_moveit_plugin.cpp:410:34:[m[K [01;35m[Kwarning: [m[K‘[01m[Kvirtual void kinematics::KinematicsBase::setValues(const string&, const string&, const string&, const string&, double)[m[K’ is deprecated [[01;35m[K-Wdeprecated-declarations[m[K]
  410 |             search_discretization[01;35m[K)[m[K;
      |                                  [01;35m[K^[m[K
In file included from [01m[K/home/user_robohub3/catkin_ws/src/moveit_experiments/third_party/motoman_experimental/motoman_mh5_ikfast_manipulator_plugin/src/motoman_mh5_manipulator_ikfast_moveit_plugin.cpp:51[m[K:
[01m[K/opt/ros/noetic/include/moveit/kinematics_base/kinematics_base.h:344:31:[m[K [01;36m[Knote: [m[Kdeclared here
  344 |   [[deprecated]] virtual void [01;36m[KsetValues[m[K(const std::string& robot_description, const std::string& group_name,
      |                               [01;36m[K^~~~~~~~~[m[K
[01m[K/home/user_robohub3/catkin_ws/src/moveit_experiments/third_party/motoman_experimental/motoman_mh5_ikfast_manipulator_plugin/src/motoman_mh5_manipulator_ikfast_moveit_plugin.cpp:[m[K In member function ‘[01m[Kvirtual bool ikfast_kinematics_plugin::IKFastKinematicsPlugin::searchPositionIK(const Pose&, const std::vector<double>&, double, const std::vector<double>&, std::vector<double>&, const IKCallbackFn&, moveit_msgs::MoveItErrorCodes&, const kinematics::KinematicsQueryOptions&) const[m[K’:
[01m[K/home/user_robohub3/catkin_ws/src/moveit_experiments/third_party/motoman_experimental/motoman_mh5_ikfast_manipulator_plugin/src/motoman_mh5_manipulator_ikfast_moveit_plugin.cpp:939:45:[m[K [01;35m[Kwarning: [m[K‘[01m[Kkinematics::KinematicsBase::search_discretization_[m[K’ is deprecated [[01;35m[K-Wdeprecated-declarations[m[K]
  939 |         (int)((max_limit - initial_guess) / [01;35m[Ksearch_discretization_[m[K);
      |                                             [01;35m[K^~~~~~~~~~~~~~~~~~~~~~[m[K
In file included from [01m[K/home/user_robohub3/catkin_ws/src/moveit_experiments/third_party/motoman_experimental/motoman_mh5_ikfast_manipulator_plugin/src/motoman_mh5_manipulator_ikfast_moveit_plugin.cpp:51[m[K:
[01m[K/opt/ros/noetic/include/moveit/kinematics_base/kinematics_base.h:597:25:[m[K [01;36m[Knote: [m[Kdeclared here
  597 |   [[deprecated]] double [01;36m[Ksearch_discretization_[m[K;
      |                         [01;36m[K^~~~~~~~~~~~~~~~~~~~~~[m[K
[01m[K/home/user_robohub3/catkin_ws/src/moveit_experiments/third_party/motoman_experimental/motoman_mh5_ikfast_manipulator_plugin/src/motoman_mh5_manipulator_ikfast_moveit_plugin.cpp:939:45:[m[K [01;35m[Kwarning: [m[K‘[01m[Kkinematics::KinematicsBase::search_discretization_[m[K’ is deprecated [[01;35m[K-Wdeprecated-declarations[m[K]
  939 |         (int)((max_limit - initial_guess) / [01;35m[Ksearch_discretization_[m[K);
      |                                             [01;35m[K^~~~~~~~~~~~~~~~~~~~~~[m[K
In file included from [01m[K/home/user_robohub3/catkin_ws/src/moveit_experiments/third_party/motoman_experimental/motoman_mh5_ikfast_manipulator_plugin/src/motoman_mh5_manipulator_ikfast_moveit_plugin.cpp:51[m[K:
[01m[K/opt/ros/noetic/include/moveit/kinematics_base/kinematics_base.h:597:25:[m[K [01;36m[Knote: [m[Kdeclared here
  597 |   [[deprecated]] double [01;36m[Ksearch_discretization_[m[K;
      |                         [01;36m[K^~~~~~~~~~~~~~~~~~~~~~[m[K
[01m[K/home/user_robohub3/catkin_ws/src/moveit_experiments/third_party/motoman_experimental/motoman_mh5_ikfast_manipulator_plugin/src/motoman_mh5_manipulator_ikfast_moveit_plugin.cpp:941:45:[m[K [01;35m[Kwarning: [m[K‘[01m[Kkinematics::KinematicsBase::search_discretization_[m[K’ is deprecated [[01;35m[K-Wdeprecated-declarations[m[K]
  941 |         (int)((initial_guess - min_limit) / [01;35m[Ksearch_discretization_[m[K);
      |                                             [01;35m[K^~~~~~~~~~~~~~~~~~~~~~[m[K
In file included from [01m[K/home/user_robohub3/catkin_ws/src/moveit_experiments/third_party/motoman_experimental/motoman_mh5_ikfast_manipulator_plugin/src/motoman_mh5_manipulator_ikfast_moveit_plugin.cpp:51[m[K:
[01m[K/opt/ros/noetic/include/moveit/kinematics_base/kinematics_base.h:597:25:[m[K [01;36m[Knote: [m[Kdeclared here
  597 |   [[deprecated]] double [01;36m[Ksearch_discretization_[m[K;
      |                         [01;36m[K^~~~~~~~~~~~~~~~~~~~~~[m[K
[01m[K/home/user_robohub3/catkin_ws/src/moveit_experiments/third_party/motoman_experimental/motoman_mh5_ikfast_manipulator_plugin/src/motoman_mh5_manipulator_ikfast_moveit_plugin.cpp:941:45:[m[K [01;35m[Kwarning: [m[K‘[01m[Kkinematics::KinematicsBase::search_discretization_[m[K’ is deprecated [[01;35m[K-Wdeprecated-declarations[m[K]
  941 |         (int)((initial_guess - min_limit) / [01;35m[Ksearch_discretization_[m[K);
      |                                             [01;35m[K^~~~~~~~~~~~~~~~~~~~~~[m[K
In file included from [01m[K/home/user_robohub3/catkin_ws/src/moveit_experiments/third_party/motoman_experimental/motoman_mh5_ikfast_manipulator_plugin/src/motoman_mh5_manipulator_ikfast_moveit_plugin.cpp:51[m[K:
[01m[K/opt/ros/noetic/include/moveit/kinematics_base/kinematics_base.h:597:25:[m[K [01;36m[Knote: [m[Kdeclared here
  597 |   [[deprecated]] double [01;36m[Ksearch_discretization_[m[K;
      |                         [01;36m[K^~~~~~~~~~~~~~~~~~~~~~[m[K
[01m[K/home/user_robohub3/catkin_ws/src/moveit_experiments/third_party/motoman_experimental/motoman_mh5_ikfast_manipulator_plugin/src/motoman_mh5_manipulator_ikfast_moveit_plugin.cpp:946:9:[m[K [01;35m[Kwarning: [m[K‘[01m[Kkinematics::KinematicsBase::search_discretization_[m[K’ is deprecated [[01;35m[K-Wdeprecated-declarations[m[K]
  946 |         [01;35m[Ksearch_discretization_[m[K;
      |         [01;35m[K^~~~~~~~~~~~~~~~~~~~~~[m[K
In file included from [01m[K/home/user_robohub3/catkin_ws/src/moveit_experiments/third_party/motoman_experimental/motoman_mh5_ikfast_manipulator_plugin/src/motoman_mh5_manipulator_ikfast_moveit_plugin.cpp:51[m[K:
[01m[K/opt/ros/noetic/include/moveit/kinematics_base/kinematics_base.h:597:25:[m[K [01;36m[Knote: [m[Kdeclared here
  597 |   [[deprecated]] double [01;36m[Ksearch_discretization_[m[K;
      |                         [01;36m[K^~~~~~~~~~~~~~~~~~~~~~[m[K
[01m[K/home/user_robohub3/catkin_ws/src/moveit_experiments/third_party/motoman_experimental/motoman_mh5_ikfast_manipulator_plugin/src/motoman_mh5_manipulator_ikfast_moveit_plugin.cpp:946:9:[m[K [01;35m[Kwarning: [m[K‘[01m[Kkinematics::KinematicsBase::search_discretization_[m[K’ is deprecated [[01;35m[K-Wdeprecated-declarations[m[K]
  946 |         [01;35m[Ksearch_discretization_[m[K;
      |         [01;35m[K^~~~~~~~~~~~~~~~~~~~~~[m[K
In file included from [01m[K/home/user_robohub3/catkin_ws/src/moveit_experiments/third_party/motoman_experimental/motoman_mh5_ikfast_manipulator_plugin/src/motoman_mh5_manipulator_ikfast_moveit_plugin.cpp:51[m[K:
[01m[K/opt/ros/noetic/include/moveit/kinematics_base/kinematics_base.h:597:25:[m[K [01;36m[Knote: [m[Kdeclared here
  597 |   [[deprecated]] double [01;36m[Ksearch_discretization_[m[K;
      |                         [01;36m[K^~~~~~~~~~~~~~~~~~~~~~[m[K
[01m[K/home/user_robohub3/catkin_ws/src/moveit_experiments/third_party/motoman_experimental/motoman_mh5_ikfast_manipulator_plugin/src/motoman_mh5_manipulator_ikfast_moveit_plugin.cpp:949:9:[m[K [01;35m[Kwarning: [m[K‘[01m[Kkinematics::KinematicsBase::search_discretization_[m[K’ is deprecated [[01;35m[K-Wdeprecated-declarations[m[K]
  949 |         [01;35m[Ksearch_discretization_[m[K;
      |         [01;35m[K^~~~~~~~~~~~~~~~~~~~~~[m[K
In file included from [01m[K/home/user_robohub3/catkin_ws/src/moveit_experiments/third_party/motoman_experimental/motoman_mh5_ikfast_manipulator_plugin/src/motoman_mh5_manipulator_ikfast_moveit_plugin.cpp:51[m[K:
[01m[K/opt/ros/noetic/include/moveit/kinematics_base/kinematics_base.h:597:25:[m[K [01;36m[Knote: [m[Kdeclared here
  597 |   [[deprecated]] double [01;36m[Ksearch_discretization_[m[K;
      |                         [01;36m[K^~~~~~~~~~~~~~~~~~~~~~[m[K
[01m[K/home/user_robohub3/catkin_ws/src/moveit_experiments/third_party/motoman_experimental/motoman_mh5_ikfast_manipulator_plugin/src/motoman_mh5_manipulator_ikfast_moveit_plugin.cpp:949:9:[m[K [01;35m[Kwarning: [m[K‘[01m[Kkinematics::KinematicsBase::search_discretization_[m[K’ is deprecated [[01;35m[K-Wdeprecated-declarations[m[K]
  949 |         [01;35m[Ksearch_discretization_[m[K;
      |         [01;35m[K^~~~~~~~~~~~~~~~~~~~~~[m[K
In file included from [01m[K/home/user_robohub3/catkin_ws/src/moveit_experiments/third_party/motoman_experimental/motoman_mh5_ikfast_manipulator_plugin/src/motoman_mh5_manipulator_ikfast_moveit_plugin.cpp:51[m[K:
[01m[K/opt/ros/noetic/include/moveit/kinematics_base/kinematics_base.h:597:25:[m[K [01;36m[Knote: [m[Kdeclared here
  597 |   [[deprecated]] double [01;36m[Ksearch_discretization_[m[K;
      |                         [01;36m[K^~~~~~~~~~~~~~~~~~~~~~[m[K
[01m[K/home/user_robohub3/catkin_ws/src/moveit_experiments/third_party/motoman_experimental/motoman_mh5_ikfast_manipulator_plugin/src/motoman_mh5_manipulator_ikfast_moveit_plugin.cpp:1036:32:[m[K [01;35m[Kwarning: [m[K‘[01m[Kkinematics::KinematicsBase::search_discretization_[m[K’ is deprecated [[01;35m[K-Wdeprecated-declarations[m[K]
 1036 |     vfree[0] = initial_guess + [01;35m[Ksearch_discretization_[m[K * counter;
      |                                [01;35m[K^~~~~~~~~~~~~~~~~~~~~~[m[K
In file included from [01m[K/home/user_robohub3/catkin_ws/src/moveit_experiments/third_party/motoman_experimental/motoman_mh5_ikfast_manipulator_plugin/src/motoman_mh5_manipulator_ikfast_moveit_plugin.cpp:51[m[K:
[01m[K/opt/ros/noetic/include/moveit/kinematics_base/kinematics_base.h:597:25:[m[K [01;36m[Knote: [m[Kdeclared here
  597 |   [[deprecated]] double [01;36m[Ksearch_discretization_[m[K;
      |                         [01;36m[K^~~~~~~~~~~~~~~~~~~~~~[m[K
[01m[K/home/user_robohub3/catkin_ws/src/moveit_experiments/third_party/motoman_experimental/motoman_mh5_ikfast_manipulator_plugin/src/motoman_mh5_manipulator_ikfast_moveit_plugin.cpp:1036:32:[m[K [01;35m[Kwarning: [m[K‘[01m[Kkinematics::KinematicsBase::search_discretization_[m[K’ is deprecated [[01;35m[K-Wdeprecated-declarations[m[K]
 1036 |     vfree[0] = initial_guess + [01;35m[Ksearch_discretization_[m[K * counter;
      |                                [01;35m[K^~~~~~~~~~~~~~~~~~~~~~[m[K
In file included from [01m[K/home/user_robohub3/catkin_ws/src/moveit_experiments/third_party/motoman_experimental/motoman_mh5_ikfast_manipulator_plugin/src/motoman_mh5_manipulator_ikfast_moveit_plugin.cpp:51[m[K:
[01m[K/opt/ros/noetic/include/moveit/kinematics_base/kinematics_base.h:597:25:[m[K [01;36m[Knote: [m[Kdeclared here
  597 |   [[deprecated]] double [01;36m[Ksearch_discretization_[m[K;
      |                         [01;36m[K^~~~~~~~~~~~~~~~~~~~~~[m[K
