Performing C SOURCE FILE Test CMAKE_HAVE_LIBC_PTHREAD failed with the following output:
Change Dir: /home/user_robohub3/catkin_ws/build/fanuc_m6ib_moveit_plugins/CMakeFiles/CMakeTmp

Run Build Command(s):/usr/bin/make cmTC_c54bf/fast && /usr/bin/make -f CMakeFiles/cmTC_c54bf.dir/build.make CMakeFiles/cmTC_c54bf.dir/build
make[1]: Entering directory '/home/user_robohub3/catkin_ws/build/fanuc_m6ib_moveit_plugins/CMakeFiles/CMakeTmp'
Building C object CMakeFiles/cmTC_c54bf.dir/src.c.o
/usr/bin/cc   -DCMAKE_HAVE_LIBC_PTHREAD   -o CMakeFiles/cmTC_c54bf.dir/src.c.o   -c /home/user_robohub3/catkin_ws/build/fanuc_m6ib_moveit_plugins/CMakeFiles/CMakeTmp/src.c
Linking C executable cmTC_c54bf
/usr/bin/cmake -E cmake_link_script CMakeFiles/cmTC_c54bf.dir/link.txt --verbose=1
/usr/bin/cc  -DCMAKE_HAVE_LIBC_PTHREAD    -rdynamic CMakeFiles/cmTC_c54bf.dir/src.c.o  -o cmTC_c54bf 
/usr/bin/ld: CMakeFiles/cmTC_c54bf.dir/src.c.o: in function `main':
src.c:(.text+0x46): undefined reference to `pthread_create'
/usr/bin/ld: src.c:(.text+0x52): undefined reference to `pthread_detach'
/usr/bin/ld: src.c:(.text+0x63): undefined reference to `pthread_join'
collect2: error: ld returned 1 exit status
make[1]: *** [CMakeFiles/cmTC_c54bf.dir/build.make:87: cmTC_c54bf] Error 1
make[1]: Leaving directory '/home/user_robohub3/catkin_ws/build/fanuc_m6ib_moveit_plugins/CMakeFiles/CMakeTmp'
make: *** [Makefile:121: cmTC_c54bf/fast] Error 2


Source file was:
#include <pthread.h>

void* test_func(void* data)
{
  return data;
}

int main(void)
{
  pthread_t thread;
  pthread_create(&thread, NULL, test_func, NULL);
  pthread_detach(thread);
  pthread_join(thread, NULL);
  pthread_atfork(NULL, NULL, NULL);
  pthread_exit(NULL);

  return 0;
}

Determining if the function pthread_create exists in the pthreads failed with the following output:
Change Dir: /home/user_robohub3/catkin_ws/build/fanuc_m6ib_moveit_plugins/CMakeFiles/CMakeTmp

Run Build Command(s):/usr/bin/make cmTC_4d6d7/fast && /usr/bin/make -f CMakeFiles/cmTC_4d6d7.dir/build.make CMakeFiles/cmTC_4d6d7.dir/build
make[1]: Entering directory '/home/user_robohub3/catkin_ws/build/fanuc_m6ib_moveit_plugins/CMakeFiles/CMakeTmp'
Building C object CMakeFiles/cmTC_4d6d7.dir/CheckFunctionExists.c.o
/usr/bin/cc   -DCHECK_FUNCTION_EXISTS=pthread_create   -o CMakeFiles/cmTC_4d6d7.dir/CheckFunctionExists.c.o   -c /usr/share/cmake-3.16/Modules/CheckFunctionExists.c
Linking C executable cmTC_4d6d7
/usr/bin/cmake -E cmake_link_script CMakeFiles/cmTC_4d6d7.dir/link.txt --verbose=1
/usr/bin/cc  -DCHECK_FUNCTION_EXISTS=pthread_create    -rdynamic CMakeFiles/cmTC_4d6d7.dir/CheckFunctionExists.c.o  -o cmTC_4d6d7  -lpthreads 
/usr/bin/ld: cannot find -lpthreads
collect2: error: ld returned 1 exit status
make[1]: *** [CMakeFiles/cmTC_4d6d7.dir/build.make:87: cmTC_4d6d7] Error 1
make[1]: Leaving directory '/home/user_robohub3/catkin_ws/build/fanuc_m6ib_moveit_plugins/CMakeFiles/CMakeTmp'
make: *** [Makefile:121: cmTC_4d6d7/fast] Error 2



Determining if the function sgemm_ exists failed with the following output:
Change Dir: /home/user_robohub3/catkin_ws/build/fanuc_m6ib_moveit_plugins/CMakeFiles/CMakeTmp

Run Build Command(s):/usr/bin/make cmTC_7588f/fast && /usr/bin/make -f CMakeFiles/cmTC_7588f.dir/build.make CMakeFiles/cmTC_7588f.dir/build
make[1]: Entering directory '/home/user_robohub3/catkin_ws/build/fanuc_m6ib_moveit_plugins/CMakeFiles/CMakeTmp'
Building C object CMakeFiles/cmTC_7588f.dir/CheckFunctionExists.c.o
/usr/bin/cc   -DCHECK_FUNCTION_EXISTS=sgemm_   -o CMakeFiles/cmTC_7588f.dir/CheckFunctionExists.c.o   -c /usr/share/cmake-3.16/Modules/CheckFunctionExists.c
Linking C executable cmTC_7588f
/usr/bin/cmake -E cmake_link_script CMakeFiles/cmTC_7588f.dir/link.txt --verbose=1
/usr/bin/cc  -DCHECK_FUNCTION_EXISTS=sgemm_    -rdynamic CMakeFiles/cmTC_7588f.dir/CheckFunctionExists.c.o  -o cmTC_7588f 
/usr/bin/ld: CMakeFiles/cmTC_7588f.dir/CheckFunctionExists.c.o: in function `main':
CheckFunctionExists.c:(.text+0x14): undefined reference to `sgemm_'
collect2: error: ld returned 1 exit status
make[1]: *** [CMakeFiles/cmTC_7588f.dir/build.make:87: cmTC_7588f] Error 1
make[1]: Leaving directory '/home/user_robohub3/catkin_ws/build/fanuc_m6ib_moveit_plugins/CMakeFiles/CMakeTmp'
make: *** [Makefile:121: cmTC_7588f/fast] Error 2



Determining if the function cheev_ exists failed with the following output:
Change Dir: /home/user_robohub3/catkin_ws/build/fanuc_m6ib_moveit_plugins/CMakeFiles/CMakeTmp

Run Build Command(s):/usr/bin/make cmTC_e5856/fast && /usr/bin/make -f CMakeFiles/cmTC_e5856.dir/build.make CMakeFiles/cmTC_e5856.dir/build
make[1]: Entering directory '/home/user_robohub3/catkin_ws/build/fanuc_m6ib_moveit_plugins/CMakeFiles/CMakeTmp'
Building C object CMakeFiles/cmTC_e5856.dir/CheckFunctionExists.c.o
/usr/bin/cc   -DCHECK_FUNCTION_EXISTS=cheev_   -o CMakeFiles/cmTC_e5856.dir/CheckFunctionExists.c.o   -c /usr/share/cmake-3.16/Modules/CheckFunctionExists.c
Linking C executable cmTC_e5856
/usr/bin/cmake -E cmake_link_script CMakeFiles/cmTC_e5856.dir/link.txt --verbose=1
/usr/bin/cc  -DCHECK_FUNCTION_EXISTS=cheev_    -rdynamic CMakeFiles/cmTC_e5856.dir/CheckFunctionExists.c.o  -o cmTC_e5856  /usr/lib/x86_64-linux-gnu/libblas.so 
/usr/bin/ld: CMakeFiles/cmTC_e5856.dir/CheckFunctionExists.c.o: in function `main':
CheckFunctionExists.c:(.text+0x14): undefined reference to `cheev_'
collect2: error: ld returned 1 exit status
make[1]: *** [CMakeFiles/cmTC_e5856.dir/build.make:88: cmTC_e5856] Error 1
make[1]: Leaving directory '/home/user_robohub3/catkin_ws/build/fanuc_m6ib_moveit_plugins/CMakeFiles/CMakeTmp'
make: *** [Makefile:121: cmTC_e5856/fast] Error 2



